<?xml version="1.0" encoding="UTF-8"?>
<!-- Generated by org.testng.reporters.JUnitReportReporter -->
<testsuite hostname="DESKTOP-OKN1HQF" failures="0" tests="4" name="Folder1.RESTAPITest" time="0.033" errors="0" timestamp="08 Aug 2023 10:49:35 GMT" skipped="0">
  <testcase classname="Folder1.RESTAPITest" name="deleteTwitter2" time="0.008"/>
  <testcase classname="Folder1.RESTAPITest" name="deleteTwitter" time="0.011"/>
  <testcase classname="Folder1.RESTAPITest" name="postJira" time="0.009"/>
  <testcase classname="Folder1.RESTAPITest" name="deleteTwitter3" time="0.005"/>
</testsuite> <!-- Folder1.RESTAPITest -->
