<?xml version="1.0" encoding="UTF-8"?>
<!-- Generated by org.testng.reporters.JUnitReportReporter -->
<testsuite hostname="DESKTOP-OKN1HQF" failures="0" tests="2" name="Folder1.SeleniumTest" time="0.009" errors="0" timestamp="03 Aug 2023 07:38:25 GMT" skipped="0">
  <testcase classname="Folder1.SeleniumTest" name="BrowserAUtomation" time="0.005"/>
  <testcase classname="Folder1.SeleniumTest" name="elementsUi" time="0.004"/>
</testsuite> <!-- Folder1.SeleniumTest -->
