<?xml version="1.0" encoding="UTF-8"?>
<!-- Generated by org.testng.reporters.JUnitReportReporter -->
<testsuite hostname="DESKTOP-OKN1HQF" failures="0" tests="2" name="Folder1.AppiumTest" time="0.017" errors="0" timestamp="03 Aug 2023 07:38:25 GMT" skipped="0">
  <testcase classname="Folder1.AppiumTest" name="IOSApps" time="0.006"/>
  <testcase classname="Folder1.AppiumTest" name="NativeAPpAndroid" time="0.011"/>
</testsuite> <!-- Folder1.AppiumTest -->
