<?xml version="1.0" encoding="UTF-8"?>
<!-- Generated by org.testng.reporters.JUnitReportReporter -->
<testsuite hostname="DESKTOP-OKN1HQF" failures="0" tests="2" name="Folder1.RESTAPITest" time="0.016" errors="0" timestamp="03 Aug 2023 07:38:25 GMT" skipped="0">
  <testcase classname="Folder1.RESTAPITest" name="deleteTwitter" time="0.013"/>
  <testcase classname="Folder1.RESTAPITest" name="postJira" time="0.003"/>
</testsuite> <!-- Folder1.RESTAPITest -->
