<?xml version="1.0" encoding="UTF-8"?>
<!-- Generated by org.testng.reporters.JUnitReportReporter -->
<testsuite hostname="DESKTOP-OKN1HQF" failures="0" tests="1" name="Folder1.AddingItemsToCartTest" time="10.482" errors="0" timestamp="08 Aug 2023 10:49:35 GMT" skipped="0">
  <testcase classname="Folder1.AddingItemsToCartTest" name="BrowserAUtomation" time="10.482"/>
</testsuite> <!-- Folder1.AddingItemsToCartTest -->
