<?xml version="1.0" encoding="UTF-8"?>
<!-- Generated by org.testng.reporters.JUnitReportReporter -->
<testsuite hostname="DESKTOP-OKN1HQF" failures="0" tests="2" name="Folder1.SeleniumTest" time="0.015" errors="0" timestamp="08 Aug 2023 10:49:35 GMT" skipped="0">
  <testcase classname="Folder1.SeleniumTest" name="BrowserAUtomation" time="0.009"/>
  <testcase classname="Folder1.SeleniumTest" name="elementsUi" time="0.006"/>
</testsuite> <!-- Folder1.SeleniumTest -->
